<?xml version="1.0" encoding="UTF-8" ?>
<testsuite errors="0" failures="4" hostname="knapdale.inf.ed.ac.uk" name="uk.ac.ed.inf.sdp2012.group7.VisionTesting.VisionTest" tests="4" time="0.064" timestamp="2012-02-02T15:40:26">
  <properties>
[...]
</properties>
  <testcase classname="uk.ac.ed.inf.sdp2012.group7.VisionTesting.VisionTest" name="testProcessAndUpdateImage" time="0.005">
    <failure message="Not yet implemented" type="junit.framework.AssertionFailedError">junit.framework.AssertionFailedError: Not yet implemented
	at uk.ac.ed.inf.sdp2012.group7.VisionTesting.VisionTest.testProcessAndUpdateImage(VisionTest.java:11)
</failure>
  </testcase>
  <testcase classname="uk.ac.ed.inf.sdp2012.group7.VisionTesting.VisionTest" name="testMarkObjects" time="0.001">
    <failure message="Not yet implemented" type="junit.framework.AssertionFailedError">junit.framework.AssertionFailedError: Not yet implemented
	at uk.ac.ed.inf.sdp2012.group7.VisionTesting.VisionTest.testMarkObjects(VisionTest.java:16)
</failure>
  </testcase>
  <testcase classname="uk.ac.ed.inf.sdp2012.group7.VisionTesting.VisionTest" name="test1" time="0.0">
    <failure message="Not yet implemented" type="junit.framework.AssertionFailedError">junit.framework.AssertionFailedError: Not yet implemented
	at uk.ac.ed.inf.sdp2012.group7.VisionTesting.VisionTest.test1(VisionTest.java:21)
</failure>
  </testcase>
  <testcase classname="uk.ac.ed.inf.sdp2012.group7.VisionTesting.VisionTest" name="test2" time="0.004">
    <failure message="Not yet implemented" type="junit.framework.AssertionFailedError">junit.framework.AssertionFailedError: Not yet implemented
	at uk.ac.ed.inf.sdp2012.group7.VisionTesting.VisionTest.test2(VisionTest.java:26)
</failure>
  </testcase>
  <system-out><![CDATA[]]></system-out>
  <system-err><![CDATA[]]></system-err>
</testsuite>
