<?xml version="1.0" encoding="UTF-8" ?>
<testsuite errors="1" failures="0" hostname="knapdale.inf.ed.ac.uk" name="uk.ac.ed.inf.sdp2012.group7.VisionTesting.VisionTest" tests="1" time="0.0" timestamp="2012-02-05T13:43:00">
  <properties>
[...]
</properties>
  <error message="uk.ac.ed.inf.sdp2012.group7.VisionTesting.VisionTest" type="java.lang.ClassNotFoundException">java.lang.ClassNotFoundException: uk.ac.ed.inf.sdp2012.group7.VisionTesting.VisionTest
	at java.net.URLClassLoader$1.run(URLClassLoader.java:217)
	at java.security.AccessController.doPrivileged(Native Method)
	at java.net.URLClassLoader.findClass(URLClassLoader.java:205)
	at java.lang.ClassLoader.loadClass(ClassLoader.java:321)
	at sun.misc.Launcher$AppClassLoader.loadClass(Launcher.java:294)
	at java.lang.ClassLoader.loadClass(ClassLoader.java:266)
	at java.lang.Class.forName0(Native Method)
	at java.lang.Class.forName(Class.java:186)
</error>
  <system-out><![CDATA[]]></system-out>
  <system-err><![CDATA[]]></system-err>
</testsuite>
